==8449== Memcheck, a memory error detector
==8449== Copyright (C) 2002-2024, and GNU GPL'd, by Julian Seward et al.
==8449== Using Valgrind-3.24.0-fcdaa47426-20241101 and LibVEX; rerun with -h for copyright info
==8449== Command: ./push_swap 297 499 223 268 219 32 250 281 312 385 447 189 372 325 216 68 384 401 437 286 118 204 345 299 224 161 99 284 435 156 351 294 10 67 445 87 487 302 476 40 388 194 222 375 313 439 454 486 143 403 263 475 103 65 262 265 80 54 56 483 363 390 214 57 342 428 367 474 285 330 356 479 192 386 58 146 338 221 402 162 480 8 175 228 288 205 368 258 166 383 249 417 82 29 120 301 413 112 129 191 427 36 300 148 271 212 381 134 2 315 200 14 28 293 389 393 157 373 181 441 357 237 253 78 135 436 90 125 489 336 174 64 477 471 353 333 176 4 41 139 160 55 490 123 340 283 225 106 69 306 104 85 272 329 83 169 52 196 193 431 117 419 79 159 331 121 227 73 495 318 138 235 255 264 394 18 492 360 493 201 220 290 234 256 113 291 467 109 310 25 423 26 455 33 141 241 414 126 335 429 147 371 449 278 75 478 334 323 308 94 16 269 282 226 242 347 296 422 309 488 95 158 304 70 142 500 130 424 116 163 102 91 317 469 314 122 277 21 332 24 348 307 165 20 359 344 464 292 273 407 432 430 434 426 415 321 254 124 27 470 420 47 276 473 457 190 97 107 369 494 5 392 187 59 77 456 71 172 152 450 230 244 442 343 324 452 208 243 387 240 341 354 399 173 7 211 350 127 316 100 496 463 89 154 460 136 248 379 405 150 145 66 257 303 481 88 6 377 168 246 412 410 238 131 482 352 400 155 207 137 49 366 440 23 461 182 197 448 128 444 61 151 287 232 12 361 35 274 446 37 311 184 438 491 34 267 30 170 186 114 22 339 378 346 38 497 391 132 370 179 245 425 164 105 380 63 198 396 1 19 406 46 72 93 259 326 199 50 213 485 451 177 188 115 236 298 295 62 209 418 110 140 53 195 101 328 167 376 319 108 365 320 472 17 133 252 98 466 217 81 364 231 3 144 358 9 453 86 229 395 247 322 280 96 498 355 153 416 362 51 458 411 397 74 462 84 180 185 76 468 289 48 203 261 111 44 327 239 233 382 210 349 305 409 398 15 42 459 13 215 31 266 337 43 92 171 465 149 484 443 206 404 178 408 421 183 433 218 119 251 275 374 39 270 279 45 260 11 202 60
==8449== Parent PID: 6798
==8449== 
--8449-- 
--8449-- Valgrind options:
--8449--    --leak-check=full
--8449--    --show-leak-kinds=all
--8449--    --track-origins=yes
--8449--    --verbose
--8449--    --log-file=valgrind_500.log
--8449-- Contents of /proc/version:
--8449--   Linux version 6.11.11-200.fc40.x86_64 (mockbuild@03b9c9f664d749adac67e6a6d3c2af41) (gcc (GCC) 14.2.1 20240912 (Red Hat 14.2.1-3), GNU ld version 2.41-38.fc40) #1 SMP PREEMPT_DYNAMIC Thu Dec  5 18:38:39 UTC 2024
--8449-- 
--8449-- Arch and hwcaps: AMD64, LittleEndian, amd64-cx16-lzcnt-rdtscp-sse3-ssse3-avx-avx2-bmi-f16c-rdrand-rdseed-fma
--8449-- Page sizes: currently 4096, max supported 4096
--8449-- Valgrind library directory: /usr/libexec/valgrind
--8449-- Reading syms from /home/nguyendimitri/Bureau/TRAVAIL/CURSUS/PUSH_SWAP100%_&BONUS/push_swap
--8449-- Reading syms from /usr/lib64/ld-linux-x86-64.so.2
--8449-- Warning: cross-CU LIMITATION: some inlined fn names
--8449-- might be shown as UnknownInlinedFun
--8449-- Reading syms from /usr/libexec/valgrind/memcheck-amd64-linux
--8449--    object doesn't have a dynamic symbol table
--8449-- Scheduler: using generic scheduler lock implementation.
--8449-- Reading suppressions file: /usr/libexec/valgrind/default.supp
==8449== embedded gdbserver: reading from /tmp/vgdb-pipe-from-vgdb-to-8449-by-nguyendimitri-on-fedora
==8449== embedded gdbserver: writing to   /tmp/vgdb-pipe-to-vgdb-from-8449-by-nguyendimitri-on-fedora
==8449== embedded gdbserver: shared mem   /tmp/vgdb-pipe-shared-mem-vgdb-8449-by-nguyendimitri-on-fedora
==8449== 
==8449== TO CONTROL THIS PROCESS USING vgdb (which you probably
==8449== don't want to do, unless you know exactly what you're doing,
==8449== or are doing some strange experiment):
==8449==   /usr/libexec/valgrind/../../bin/vgdb --pid=8449 ...command...
==8449== 
==8449== TO DEBUG THIS PROCESS USING GDB: start GDB like this
==8449==   /path/to/gdb ./push_swap
==8449== and then give GDB the following command
==8449==   target remote | /usr/libexec/valgrind/../../bin/vgdb --pid=8449
==8449== --pid is optional if only one valgrind process is running
==8449== 
==8449== Downloading debug info for /usr/libexec/valgrind/memcheck-amd64-linux...
--8449--   Considering /home/nguyendimitri/.cache/debuginfod_client/5bb151a6984e52b785dad4562de1e3d17197b5ae/debuginfo ..
--8449--   .. CRC is valid
==8449== Successfully downloaded debug file for /usr/libexec/valgrind/memcheck-amd64-linux
==8449== Downloading debug info for /home/nguyendimitri/.cache/debuginfod_client/5bb151a6984e52b785dad4562de1e3d17197b5ae/debuginfo...
--8449--   Considering /home/nguyendimitri/.cache/debuginfod_client/24d0907b36c44aad9c7408d76cf765edef5b7c70/debuginfo ..
--8449--   .. build-id is valid
==8449== Successfully downloaded debug file for /home/nguyendimitri/.cache/debuginfod_client/5bb151a6984e52b785dad4562de1e3d17197b5ae/debuginfo
--8449-- REDIR: 0x40264a0 (ld-linux-x86-64.so.2:strlen) redirected to 0x5821af0f (vgPlain_amd64_linux_REDIR_FOR_strlen)
--8449-- REDIR: 0x4024e60 (ld-linux-x86-64.so.2:strcmp) redirected to 0x5821af29 (vgPlain_amd64_linux_REDIR_FOR_strcmp)
--8449-- REDIR: 0x4024c30 (ld-linux-x86-64.so.2:index) redirected to 0x5821af44 (vgPlain_amd64_linux_REDIR_FOR_index)
--8449-- Reading syms from /usr/libexec/valgrind/vgpreload_core-amd64-linux.so
--8449-- Reading syms from /usr/libexec/valgrind/vgpreload_memcheck-amd64-linux.so
==8449== WARNING: new redirection conflicts with existing -- ignoring it
--8449--     old: 0x04024e60 (strcmp              ) R-> (0000.0) 0x5821af29 vgPlain_amd64_linux_REDIR_FOR_strcmp
--8449--     new: 0x04024e60 (strcmp              ) R-> (2016.0) 0x0484e550 strcmp
==8449== WARNING: new redirection conflicts with existing -- ignoring it
--8449--     old: 0x040264a0 (strlen              ) R-> (0000.0) 0x5821af0f vgPlain_amd64_linux_REDIR_FOR_strlen
--8449--     new: 0x040264a0 (strlen              ) R-> (2007.0) 0x0484d200 strlen
--8449-- REDIR: 0x4024290 (ld-linux-x86-64.so.2:mempcpy) redirected to 0x4852ca0 (mempcpy)
--8449-- Reading syms from /usr/lib64/libc.so.6
==8449== Downloading debug info for /usr/lib64/libc.so.6...
--8449--   Considering /home/nguyendimitri/.cache/debuginfod_client/b871aacf7b252210b87d2e5dbea81bda8ada61f1/debuginfo ..
--8449--   .. CRC is valid
==8449== Successfully downloaded debug file for /usr/lib64/libc.so.6
--8449-- REDIR: 0x4026640 (ld-linux-x86-64.so.2:strncmp) redirected to 0x484dd00 (strncmp)
--8449-- REDIR: 0x491ee10 (libc.so.6:strnlen) redirected to 0x48381ea (_vgnU_ifunc_wrapper)
--8449-- REDIR: 0x491eea0 (libc.so.6:strpbrk) redirected to 0x48381ea (_vgnU_ifunc_wrapper)
--8449-- REDIR: 0x491ce90 (libc.so.6:strcmp) redirected to 0x48381ea (_vgnU_ifunc_wrapper)
--8449-- REDIR: 0x4934580 (libc.so.6:wcsnlen) redirected to 0x48381ea (_vgnU_ifunc_wrapper)
--8449-- REDIR: 0x491be90 (libc.so.6:memset) redirected to 0x48381ea (_vgnU_ifunc_wrapper)
--8449-- REDIR: 0x4933c80 (libc.so.6:wcslen) redirected to 0x48381ea (_vgnU_ifunc_wrapper)
--8449-- REDIR: 0x4997640 (libc.so.6:__memcpy_chk) redirected to 0x48381ea (_vgnU_ifunc_wrapper)
--8449-- REDIR: 0x491be00 (libc.so.6:memrchr) redirected to 0x48381ea (_vgnU_ifunc_wrapper)
--8449-- REDIR: 0x4934520 (libc.so.6:wcsncpy) redirected to 0x48381ea (_vgnU_ifunc_wrapper)
--8449-- REDIR: 0x491b330 (libc.so.6:memcpy@@GLIBC_2.14) redirected to 0x48381ea (_vgnU_ifunc_wrapper)
--8449-- REDIR: 0x4932a60 (libc.so.6:wcschr) redirected to 0x48381ea (_vgnU_ifunc_wrapper)
--8449-- REDIR: 0x491cd80 (libc.so.6:index) redirected to 0x48381ea (_vgnU_ifunc_wrapper)
--8449-- REDIR: 0x491eed0 (libc.so.6:rindex) redirected to 0x48381ea (_vgnU_ifunc_wrapper)
--8449-- REDIR: 0x4932b10 (libc.so.6:wcscmp) redirected to 0x48381ea (_vgnU_ifunc_wrapper)
--8449-- REDIR: 0x491c0b0 (libc.so.6:stpncpy) redirected to 0x48381ea (_vgnU_ifunc_wrapper)
--8449-- REDIR: 0x49403a0 (libc.so.6:wmemchr) redirected to 0x48381ea (_vgnU_ifunc_wrapper)
--8449-- REDIR: 0x491ecb0 (libc.so.6:strncmp) redirected to 0x48381ea (_vgnU_ifunc_wrapper)
--8449-- REDIR: 0x491c110 (libc.so.6:strcasecmp) redirected to 0x48381ea (_vgnU_ifunc_wrapper)
--8449-- REDIR: 0x491e0a0 (libc.so.6:strcspn) redirected to 0x48381ea (_vgnU_ifunc_wrapper)
--8449-- REDIR: 0x4933a50 (libc.so.6:wcscpy) redirected to 0x48381ea (_vgnU_ifunc_wrapper)
--8449-- REDIR: 0x491cd10 (libc.so.6:strcat) redirected to 0x48381ea (_vgnU_ifunc_wrapper)
--8449-- REDIR: 0x491ebb0 (libc.so.6:strncasecmp_l) redirected to 0x48381ea (_vgnU_ifunc_wrapper)
--8449-- REDIR: 0x491ce00 (libc.so.6:strchrnul) redirected to 0x48381ea (_vgnU_ifunc_wrapper)
--8449-- REDIR: 0x491b240 (libc.so.6:bcmp) redirected to 0x48381ea (_vgnU_ifunc_wrapper)
--8449-- REDIR: 0x491e030 (libc.so.6:strcpy) redirected to 0x48381ea (_vgnU_ifunc_wrapper)
--8449-- REDIR: 0x491c1b0 (libc.so.6:strcasecmp_l) redirected to 0x48381ea (_vgnU_ifunc_wrapper)
--8449-- REDIR: 0x491ea80 (libc.so.6:strlen) redirected to 0x48381ea (_vgnU_ifunc_wrapper)
--8449-- REDIR: 0x491ed50 (libc.so.6:strncpy) redirected to 0x48381ea (_vgnU_ifunc_wrapper)
--8449-- REDIR: 0x4940420 (libc.so.6:wmemcmp) redirected to 0x48381ea (_vgnU_ifunc_wrapper)
--8449-- REDIR: 0x4997760 (libc.so.6:__memmove_chk) redirected to 0x48381ea (_vgnU_ifunc_wrapper)
==8449== WARNING: new redirection conflicts with existing -- ignoring it
--8449--     old: 0x049dc610 (__memcpy_chk_avx_una) R-> (2030.0) 0x04852db0 __memcpy_chk
--8449--     new: 0x049dc610 (__memcpy_chk_avx_una) R-> (2024.0) 0x048526b0 __memmove_chk
--8449-- REDIR: 0x491c040 (libc.so.6:stpcpy) redirected to 0x48381ea (_vgnU_ifunc_wrapper)
--8449-- REDIR: 0x491bbc0 (libc.so.6:memmove) redirected to 0x48381ea (_vgnU_ifunc_wrapper)
==8449== Preferring higher priority redirection:
--8449--     old: 0x049dc640 (__memcpy_avx_unalign) R-> (2018.0) 0x0484fc20 __memcpy_avx_unaligned_erms
--8449--     new: 0x049dc640 (__memcpy_avx_unalign) R-> (2018.1) 0x048519b0 memmove
--8449-- REDIR: 0x491b1c0 (libc.so.6:memchr) redirected to 0x48381ea (_vgnU_ifunc_wrapper)
--8449-- REDIR: 0x491f0d0 (libc.so.6:strspn) redirected to 0x48381ea (_vgnU_ifunc_wrapper)
--8449-- REDIR: 0x4932690 (libc.so.6:wcpncpy) redirected to 0x48381ea (_vgnU_ifunc_wrapper)
--8449-- REDIR: 0x491bce0 (libc.so.6:mempcpy) redirected to 0x48381ea (_vgnU_ifunc_wrapper)
--8449-- REDIR: 0x491eb10 (libc.so.6:strncasecmp) redirected to 0x48381ea (_vgnU_ifunc_wrapper)
--8449-- REDIR: 0x49e1230 (libc.so.6:__strrchr_avx2) redirected to 0x484c9e0 (rindex)
--8449-- REDIR: 0x4917350 (libc.so.6:malloc) redirected to 0x48437f0 (malloc)
==8449== Downloading debug info for /home/nguyendimitri/Bureau/TRAVAIL/CURSUS/PUSH_SWAP100%_&BONUS/push_swap...
==8449== Server query failed: No such file or directory
--8449-- REDIR: 0x4917a50 (libc.so.6:free) redirected to 0x4846b11 (free)
==8449== 
==8449== HEAP SUMMARY:
==8449==     in use at exit: 0 bytes in 0 blocks
==8449==   total heap usage: 8 allocs, 8 frees, 12,048 bytes allocated
==8449== 
==8449== All heap blocks were freed -- no leaks are possible
==8449== 
==8449== ERROR SUMMARY: 0 errors from 0 contexts (suppressed: 0 from 0)
