==8425== Memcheck, a memory error detector
==8425== Copyright (C) 2002-2024, and GNU GPL'd, by Julian Seward et al.
==8425== Using Valgrind-3.24.0-fcdaa47426-20241101 and LibVEX; rerun with -h for copyright info
==8425== Command: ./push_swap 97 47 7 26 74 94 22 64 21 33 20 53 71 27 35 67 28 77 23 55 78 87 57 39 54 89 70 14 37 75 34 43 3 98 38 32 10 24 99 65 88 83 6 30 8 56 86 42 68 93 12 80 15 60 82 2 16 61 81 79 11 58 29 5 31 25 84 92 9 85 40 17 48 49 95 59 52 69 1 18 44 100 13 51 76 66 63 41 62 36 19 50 46 72 96 4 73 45 90 91
==8425== Parent PID: 6798
==8425== 
--8425-- 
--8425-- Valgrind options:
--8425--    --leak-check=full
--8425--    --show-leak-kinds=all
--8425--    --track-origins=yes
--8425--    --verbose
--8425--    --log-file=valgrind_100.log
--8425-- Contents of /proc/version:
--8425--   Linux version 6.11.11-200.fc40.x86_64 (mockbuild@03b9c9f664d749adac67e6a6d3c2af41) (gcc (GCC) 14.2.1 20240912 (Red Hat 14.2.1-3), GNU ld version 2.41-38.fc40) #1 SMP PREEMPT_DYNAMIC Thu Dec  5 18:38:39 UTC 2024
--8425-- 
--8425-- Arch and hwcaps: AMD64, LittleEndian, amd64-cx16-lzcnt-rdtscp-sse3-ssse3-avx-avx2-bmi-f16c-rdrand-rdseed-fma
--8425-- Page sizes: currently 4096, max supported 4096
--8425-- Valgrind library directory: /usr/libexec/valgrind
--8425-- Reading syms from /home/nguyendimitri/Bureau/TRAVAIL/CURSUS/PUSH_SWAP100%_&BONUS/push_swap
--8425-- Reading syms from /usr/lib64/ld-linux-x86-64.so.2
--8425-- Warning: cross-CU LIMITATION: some inlined fn names
--8425-- might be shown as UnknownInlinedFun
--8425-- Reading syms from /usr/libexec/valgrind/memcheck-amd64-linux
--8425--    object doesn't have a dynamic symbol table
--8425-- Scheduler: using generic scheduler lock implementation.
--8425-- Reading suppressions file: /usr/libexec/valgrind/default.supp
==8425== embedded gdbserver: reading from /tmp/vgdb-pipe-from-vgdb-to-8425-by-nguyendimitri-on-fedora
==8425== embedded gdbserver: writing to   /tmp/vgdb-pipe-to-vgdb-from-8425-by-nguyendimitri-on-fedora
==8425== embedded gdbserver: shared mem   /tmp/vgdb-pipe-shared-mem-vgdb-8425-by-nguyendimitri-on-fedora
==8425== 
==8425== TO CONTROL THIS PROCESS USING vgdb (which you probably
==8425== don't want to do, unless you know exactly what you're doing,
==8425== or are doing some strange experiment):
==8425==   /usr/libexec/valgrind/../../bin/vgdb --pid=8425 ...command...
==8425== 
==8425== TO DEBUG THIS PROCESS USING GDB: start GDB like this
==8425==   /path/to/gdb ./push_swap
==8425== and then give GDB the following command
==8425==   target remote | /usr/libexec/valgrind/../../bin/vgdb --pid=8425
==8425== --pid is optional if only one valgrind process is running
==8425== 
==8425== Downloading debug info for /usr/libexec/valgrind/memcheck-amd64-linux...
--8425--   Considering /home/nguyendimitri/.cache/debuginfod_client/5bb151a6984e52b785dad4562de1e3d17197b5ae/debuginfo ..
--8425--   .. CRC is valid
==8425== Successfully downloaded debug file for /usr/libexec/valgrind/memcheck-amd64-linux
==8425== Downloading debug info for /home/nguyendimitri/.cache/debuginfod_client/5bb151a6984e52b785dad4562de1e3d17197b5ae/debuginfo...
--8425--   Considering /home/nguyendimitri/.cache/debuginfod_client/24d0907b36c44aad9c7408d76cf765edef5b7c70/debuginfo ..
--8425--   .. build-id is valid
==8425== Successfully downloaded debug file for /home/nguyendimitri/.cache/debuginfod_client/5bb151a6984e52b785dad4562de1e3d17197b5ae/debuginfo
--8425-- REDIR: 0x40264a0 (ld-linux-x86-64.so.2:strlen) redirected to 0x5821af0f (vgPlain_amd64_linux_REDIR_FOR_strlen)
--8425-- REDIR: 0x4024e60 (ld-linux-x86-64.so.2:strcmp) redirected to 0x5821af29 (vgPlain_amd64_linux_REDIR_FOR_strcmp)
--8425-- REDIR: 0x4024c30 (ld-linux-x86-64.so.2:index) redirected to 0x5821af44 (vgPlain_amd64_linux_REDIR_FOR_index)
--8425-- Reading syms from /usr/libexec/valgrind/vgpreload_core-amd64-linux.so
--8425-- Reading syms from /usr/libexec/valgrind/vgpreload_memcheck-amd64-linux.so
==8425== WARNING: new redirection conflicts with existing -- ignoring it
--8425--     old: 0x04024e60 (strcmp              ) R-> (0000.0) 0x5821af29 vgPlain_amd64_linux_REDIR_FOR_strcmp
--8425--     new: 0x04024e60 (strcmp              ) R-> (2016.0) 0x0484e550 strcmp
==8425== WARNING: new redirection conflicts with existing -- ignoring it
--8425--     old: 0x040264a0 (strlen              ) R-> (0000.0) 0x5821af0f vgPlain_amd64_linux_REDIR_FOR_strlen
--8425--     new: 0x040264a0 (strlen              ) R-> (2007.0) 0x0484d200 strlen
--8425-- REDIR: 0x4024290 (ld-linux-x86-64.so.2:mempcpy) redirected to 0x4852ca0 (mempcpy)
--8425-- Reading syms from /usr/lib64/libc.so.6
==8425== Downloading debug info for /usr/lib64/libc.so.6...
--8425--   Considering /home/nguyendimitri/.cache/debuginfod_client/b871aacf7b252210b87d2e5dbea81bda8ada61f1/debuginfo ..
--8425--   .. CRC is valid
==8425== Successfully downloaded debug file for /usr/lib64/libc.so.6
--8425-- REDIR: 0x4026640 (ld-linux-x86-64.so.2:strncmp) redirected to 0x484dd00 (strncmp)
--8425-- REDIR: 0x491ee10 (libc.so.6:strnlen) redirected to 0x48381ea (_vgnU_ifunc_wrapper)
--8425-- REDIR: 0x491eea0 (libc.so.6:strpbrk) redirected to 0x48381ea (_vgnU_ifunc_wrapper)
--8425-- REDIR: 0x491ce90 (libc.so.6:strcmp) redirected to 0x48381ea (_vgnU_ifunc_wrapper)
--8425-- REDIR: 0x4934580 (libc.so.6:wcsnlen) redirected to 0x48381ea (_vgnU_ifunc_wrapper)
--8425-- REDIR: 0x491be90 (libc.so.6:memset) redirected to 0x48381ea (_vgnU_ifunc_wrapper)
--8425-- REDIR: 0x4933c80 (libc.so.6:wcslen) redirected to 0x48381ea (_vgnU_ifunc_wrapper)
--8425-- REDIR: 0x4997640 (libc.so.6:__memcpy_chk) redirected to 0x48381ea (_vgnU_ifunc_wrapper)
--8425-- REDIR: 0x491be00 (libc.so.6:memrchr) redirected to 0x48381ea (_vgnU_ifunc_wrapper)
--8425-- REDIR: 0x4934520 (libc.so.6:wcsncpy) redirected to 0x48381ea (_vgnU_ifunc_wrapper)
--8425-- REDIR: 0x491b330 (libc.so.6:memcpy@@GLIBC_2.14) redirected to 0x48381ea (_vgnU_ifunc_wrapper)
--8425-- REDIR: 0x4932a60 (libc.so.6:wcschr) redirected to 0x48381ea (_vgnU_ifunc_wrapper)
--8425-- REDIR: 0x491cd80 (libc.so.6:index) redirected to 0x48381ea (_vgnU_ifunc_wrapper)
--8425-- REDIR: 0x491eed0 (libc.so.6:rindex) redirected to 0x48381ea (_vgnU_ifunc_wrapper)
--8425-- REDIR: 0x4932b10 (libc.so.6:wcscmp) redirected to 0x48381ea (_vgnU_ifunc_wrapper)
--8425-- REDIR: 0x491c0b0 (libc.so.6:stpncpy) redirected to 0x48381ea (_vgnU_ifunc_wrapper)
--8425-- REDIR: 0x49403a0 (libc.so.6:wmemchr) redirected to 0x48381ea (_vgnU_ifunc_wrapper)
--8425-- REDIR: 0x491ecb0 (libc.so.6:strncmp) redirected to 0x48381ea (_vgnU_ifunc_wrapper)
--8425-- REDIR: 0x491c110 (libc.so.6:strcasecmp) redirected to 0x48381ea (_vgnU_ifunc_wrapper)
--8425-- REDIR: 0x491e0a0 (libc.so.6:strcspn) redirected to 0x48381ea (_vgnU_ifunc_wrapper)
--8425-- REDIR: 0x4933a50 (libc.so.6:wcscpy) redirected to 0x48381ea (_vgnU_ifunc_wrapper)
--8425-- REDIR: 0x491cd10 (libc.so.6:strcat) redirected to 0x48381ea (_vgnU_ifunc_wrapper)
--8425-- REDIR: 0x491ebb0 (libc.so.6:strncasecmp_l) redirected to 0x48381ea (_vgnU_ifunc_wrapper)
--8425-- REDIR: 0x491ce00 (libc.so.6:strchrnul) redirected to 0x48381ea (_vgnU_ifunc_wrapper)
--8425-- REDIR: 0x491b240 (libc.so.6:bcmp) redirected to 0x48381ea (_vgnU_ifunc_wrapper)
--8425-- REDIR: 0x491e030 (libc.so.6:strcpy) redirected to 0x48381ea (_vgnU_ifunc_wrapper)
--8425-- REDIR: 0x491c1b0 (libc.so.6:strcasecmp_l) redirected to 0x48381ea (_vgnU_ifunc_wrapper)
--8425-- REDIR: 0x491ea80 (libc.so.6:strlen) redirected to 0x48381ea (_vgnU_ifunc_wrapper)
--8425-- REDIR: 0x491ed50 (libc.so.6:strncpy) redirected to 0x48381ea (_vgnU_ifunc_wrapper)
--8425-- REDIR: 0x4940420 (libc.so.6:wmemcmp) redirected to 0x48381ea (_vgnU_ifunc_wrapper)
--8425-- REDIR: 0x4997760 (libc.so.6:__memmove_chk) redirected to 0x48381ea (_vgnU_ifunc_wrapper)
==8425== WARNING: new redirection conflicts with existing -- ignoring it
--8425--     old: 0x049dc610 (__memcpy_chk_avx_una) R-> (2030.0) 0x04852db0 __memcpy_chk
--8425--     new: 0x049dc610 (__memcpy_chk_avx_una) R-> (2024.0) 0x048526b0 __memmove_chk
--8425-- REDIR: 0x491c040 (libc.so.6:stpcpy) redirected to 0x48381ea (_vgnU_ifunc_wrapper)
--8425-- REDIR: 0x491bbc0 (libc.so.6:memmove) redirected to 0x48381ea (_vgnU_ifunc_wrapper)
==8425== Preferring higher priority redirection:
--8425--     old: 0x049dc640 (__memcpy_avx_unalign) R-> (2018.0) 0x0484fc20 __memcpy_avx_unaligned_erms
--8425--     new: 0x049dc640 (__memcpy_avx_unalign) R-> (2018.1) 0x048519b0 memmove
--8425-- REDIR: 0x491b1c0 (libc.so.6:memchr) redirected to 0x48381ea (_vgnU_ifunc_wrapper)
--8425-- REDIR: 0x491f0d0 (libc.so.6:strspn) redirected to 0x48381ea (_vgnU_ifunc_wrapper)
--8425-- REDIR: 0x4932690 (libc.so.6:wcpncpy) redirected to 0x48381ea (_vgnU_ifunc_wrapper)
--8425-- REDIR: 0x491bce0 (libc.so.6:mempcpy) redirected to 0x48381ea (_vgnU_ifunc_wrapper)
--8425-- REDIR: 0x491eb10 (libc.so.6:strncasecmp) redirected to 0x48381ea (_vgnU_ifunc_wrapper)
--8425-- REDIR: 0x49e1230 (libc.so.6:__strrchr_avx2) redirected to 0x484c9e0 (rindex)
--8425-- REDIR: 0x4917350 (libc.so.6:malloc) redirected to 0x48437f0 (malloc)
==8425== Downloading debug info for /home/nguyendimitri/Bureau/TRAVAIL/CURSUS/PUSH_SWAP100%_&BONUS/push_swap...
==8425== Server query failed: No such file or directory
--8425-- REDIR: 0x4917a50 (libc.so.6:free) redirected to 0x4846b11 (free)
==8425== 
==8425== HEAP SUMMARY:
==8425==     in use at exit: 0 bytes in 0 blocks
==8425==   total heap usage: 8 allocs, 8 frees, 2,448 bytes allocated
==8425== 
==8425== All heap blocks were freed -- no leaks are possible
==8425== 
==8425== ERROR SUMMARY: 0 errors from 0 contexts (suppressed: 0 from 0)
